{"/Users/viku/Dev_Projects/JavaScript_Projects/Javascript_projects/tut-01/tut-01-01/shallowObjClone.js": {"path":"/Users/viku/Dev_Projects/JavaScript_Projects/Javascript_projects/tut-01/tut-01-01/shallowObjClone.js","statementMap":{"0":{"start":{"line":2,"column":2},"end":{"line":2,"column":19}},"1":{"start":{"line":5,"column":0},"end":{"line":5,"column":32}}},"fnMap":{"0":{"name":"shallowObjClone","decl":{"start":{"line":1,"column":9},"end":{"line":1,"column":24}},"loc":{"start":{"line":1,"column":30},"end":{"line":3,"column":1}},"line":1}},"branchMap":{},"s":{"0":1,"1":1},"f":{"0":1},"b":{},"_coverageSchema":"1a1c01bbd47fc00a2c39e90264f33305004495a9","hash":"6126d5afba974aff8975075526e9de4ba58b5348"}
,"/Users/viku/Dev_Projects/JavaScript_Projects/Javascript_projects/tut-01/tut-01-01/sum.js": {"path":"/Users/viku/Dev_Projects/JavaScript_Projects/Javascript_projects/tut-01/tut-01-01/sum.js","statementMap":{"0":{"start":{"line":3,"column":2},"end":{"line":3,"column":15}},"1":{"start":{"line":6,"column":0},"end":{"line":6,"column":20}}},"fnMap":{"0":{"name":"sum","decl":{"start":{"line":2,"column":9},"end":{"line":2,"column":12}},"loc":{"start":{"line":2,"column":19},"end":{"line":4,"column":1}},"line":2}},"branchMap":{},"s":{"0":1,"1":1},"f":{"0":1},"b":{},"_coverageSchema":"1a1c01bbd47fc00a2c39e90264f33305004495a9","hash":"4fc44a4b00f2dfff3fc0841c171761a9348813f9"}
}
